---------------------------------------------------------------
[ 2019-03-07T18:22:54+08:00 ] ::1 ::1 GET /
[ error ] [1045]SQLSTATE[HY000] [1045] Access denied for user 'root'@'localhost' (using password: YES)
---------------------------------------------------------------
[ 2019-03-07T18:23:53+08:00 ] ::1 ::1 GET /
[ error ] [1045]SQLSTATE[HY000] [1045] Access denied for user 'root'@'localhost' (using password: YES)
---------------------------------------------------------------
[ 2019-03-07T18:23:56+08:00 ] ::1 ::1 GET /
[ error ] [1045]SQLSTATE[HY000] [1045] Access denied for user 'root'@'localhost' (using password: YES)
---------------------------------------------------------------
[ 2019-03-07T18:24:53+08:00 ] ::1 ::1 GET /admin.php
[ error ] [1045]SQLSTATE[HY000] [1045] Access denied for user 'root'@'localhost' (using password: YES)
---------------------------------------------------------------
[ 2019-03-07T18:26:55+08:00 ] ::1 ::1 GET /admin.php
[ error ] [1045]SQLSTATE[HY000] [1045] Access denied for user 'root'@'localhost' (using password: YES)
---------------------------------------------------------------
[ 2019-03-07T18:27:00+08:00 ] ::1 ::1 GET /
[ error ] [1045]SQLSTATE[HY000] [1045] Access denied for user 'root'@'localhost' (using password: YES)
---------------------------------------------------------------
[ 2019-03-07T18:27:36+08:00 ] ::1 ::1 GET /
[ error ] [1045]SQLSTATE[HY000] [1045] Access denied for user 'root'@'localhost' (using password: YES)
---------------------------------------------------------------
[ 2019-03-07T18:29:12+08:00 ] ::1 ::1 GET /
[ error ] [1045]SQLSTATE[HY000] [1045] Access denied for user 'root'@'localhost' (using password: YES)
---------------------------------------------------------------
[ 2019-03-07T18:29:13+08:00 ] ::1 ::1 GET /
[ error ] [1045]SQLSTATE[HY000] [1045] Access denied for user 'root'@'localhost' (using password: YES)
---------------------------------------------------------------
[ 2019-03-07T18:29:14+08:00 ] ::1 ::1 GET /
[ error ] [1045]SQLSTATE[HY000] [1045] Access denied for user 'root'@'localhost' (using password: YES)
---------------------------------------------------------------
[ 2019-03-07T18:30:03+08:00 ] ::1 ::1 GET /
[ info ] www.faka.com/ [运行时间：0.197722s][吞吐率：5.06req/s] [内存消耗：3,690.80kb] [文件加载：54]
[ info ] [ LANG ] /Users/taozhu/faka/thinkphp/lang/zh-cn.php
[ info ] [ BIND ] 'index'
[ info ] [ ROUTE ] array (
  'type' => 'module',
  'module' => 
  array (
    0 => 'index',
    1 => NULL,
    2 => NULL,
  ),
)
[ info ] [ HEADER ] array (
  'host' => 'www.faka.com',
  'connection' => 'keep-alive',
  'cache-control' => 'max-age=0',
  'upgrade-insecure-requests' => '1',
  'user-agent' => 'Mozilla/5.0 (Macintosh; Intel Mac OS X 10_14_0) AppleWebKit/537.36 (KHTML, like Gecko) Chrome/72.0.3626.119 Safari/537.36',
  'accept' => 'text/html,application/xhtml+xml,application/xml;q=0.9,image/webp,image/apng,*/*;q=0.8',
  'accept-encoding' => 'gzip, deflate',
  'accept-language' => 'zh-CN,zh;q=0.9,en;q=0.8,zh-TW;q=0.7',
)
[ info ] [ PARAM ] array (
)
[ info ] [ DB ] INIT mysql
[ info ] [ LOG ] INIT File
[ error ] [1045]SQLSTATE[HY000] [1045] Access denied for user 'root'@'localhost' (using password: YES)[/Users/taozhu/faka/thinkphp/library/think/db/Connection.php:293]
---------------------------------------------------------------
[ 2019-03-07T18:30:40+08:00 ] ::1 ::1 GET /
[ info ] www.faka.com/ [运行时间：0.269122s][吞吐率：3.72req/s] [内存消耗：3,690.80kb] [文件加载：54]
[ info ] [ LANG ] /Users/taozhu/faka/thinkphp/lang/zh-cn.php
[ info ] [ BIND ] 'index'
[ info ] [ ROUTE ] array (
  'type' => 'module',
  'module' => 
  array (
    0 => 'index',
    1 => NULL,
    2 => NULL,
  ),
)
[ info ] [ HEADER ] array (
  'host' => 'www.faka.com',
  'connection' => 'keep-alive',
  'cache-control' => 'max-age=0',
  'upgrade-insecure-requests' => '1',
  'user-agent' => 'Mozilla/5.0 (Macintosh; Intel Mac OS X 10_14_0) AppleWebKit/537.36 (KHTML, like Gecko) Chrome/72.0.3626.119 Safari/537.36',
  'accept' => 'text/html,application/xhtml+xml,application/xml;q=0.9,image/webp,image/apng,*/*;q=0.8',
  'accept-encoding' => 'gzip, deflate',
  'accept-language' => 'zh-CN,zh;q=0.9,en;q=0.8,zh-TW;q=0.7',
)
[ info ] [ PARAM ] array (
)
[ info ] [ DB ] INIT mysql
[ info ] [ LOG ] INIT File
[ error ] [1045]SQLSTATE[HY000] [1045] Access denied for user 'root'@'localhost' (using password: YES)[/Users/taozhu/faka/thinkphp/library/think/db/Connection.php:293]
---------------------------------------------------------------
[ 2019-03-07T18:30:41+08:00 ] ::1 ::1 GET /
[ info ] www.faka.com/ [运行时间：0.120518s][吞吐率：8.30req/s] [内存消耗：3,690.84kb] [文件加载：54]
[ info ] [ LANG ] /Users/taozhu/faka/thinkphp/lang/zh-cn.php
[ info ] [ BIND ] 'index'
[ info ] [ ROUTE ] array (
  'type' => 'module',
  'module' => 
  array (
    0 => 'index',
    1 => NULL,
    2 => NULL,
  ),
)
[ info ] [ HEADER ] array (
  'host' => 'www.faka.com',
  'connection' => 'keep-alive',
  'cache-control' => 'max-age=0',
  'upgrade-insecure-requests' => '1',
  'user-agent' => 'Mozilla/5.0 (Macintosh; Intel Mac OS X 10_14_0) AppleWebKit/537.36 (KHTML, like Gecko) Chrome/72.0.3626.119 Safari/537.36',
  'accept' => 'text/html,application/xhtml+xml,application/xml;q=0.9,image/webp,image/apng,*/*;q=0.8',
  'accept-encoding' => 'gzip, deflate',
  'accept-language' => 'zh-CN,zh;q=0.9,en;q=0.8,zh-TW;q=0.7',
)
[ info ] [ PARAM ] array (
)
[ info ] [ DB ] INIT mysql
[ info ] [ LOG ] INIT File
[ error ] [1045]SQLSTATE[HY000] [1045] Access denied for user 'root'@'localhost' (using password: YES)[/Users/taozhu/faka/thinkphp/library/think/db/Connection.php:293]
